\BOOKMARK [1][-]{section.1}{\376\377\000I\000n\000t\000r\000o\000d\000u\000c\000t\000i\000o\000n}{}% 1
\BOOKMARK [1][-]{section.2}{\376\377\000R\000e\000l\000a\000t\000e\000d\000\040\000w\000o\000r\000k}{}% 2
\BOOKMARK [2][-]{subsection.2.1}{\376\377\000B\000u\000s\000\040\000f\000l\000e\000e\000t\000\040\000c\000o\000n\000t\000r\000o\000l\000\040\000a\000n\000d\000\040\000r\000e\000i\000n\000f\000o\000r\000c\000e\000m\000e\000n\000t\000\040\000l\000e\000a\000r\000n\000i\000n\000g}{section.2}% 3
\BOOKMARK [2][-]{subsection.2.2}{\376\377\000U\000n\000c\000e\000r\000t\000a\000i\000n\000t\000y\000\040\000q\000u\000a\000n\000t\000i\000f\000i\000c\000a\000t\000i\000o\000n\000\040\000i\000n\000\040\000R\000L\000:\000\040\000f\000r\000o\000m\000\040\000B\000a\000y\000e\000s\000i\000a\000n\000\040\000a\000n\000d\000\040\000r\000i\000s\000k\000-\000s\000e\000n\000s\000i\000t\000i\000v\000e\000\040\000t\000o\000\040\000r\000o\000b\000u\000s\000t\000\040\000m\000e\000t\000h\000o\000d\000s}{section.2}% 4
\BOOKMARK [2][-]{subsection.2.3}{\376\377\000D\000i\000s\000e\000n\000t\000a\000n\000g\000l\000i\000n\000g\000\040\000a\000l\000e\000a\000t\000o\000r\000i\000c\000\040\000a\000n\000d\000\040\000e\000p\000i\000s\000t\000e\000m\000i\000c\000\040\000r\000i\000s\000k\000s}{section.2}% 5
\BOOKMARK [2][-]{subsection.2.4}{\376\377\000S\000t\000a\000b\000i\000l\000i\000t\000y\000\040\000a\000n\000d\000\040\000t\000h\000e\000\040\000u\000n\000d\000e\000r\000e\000s\000t\000i\000m\000a\000t\000i\000o\000n\000\040\000t\000r\000a\000p}{section.2}% 6
\BOOKMARK [1][-]{section.3}{\376\377\000P\000r\000e\000l\000i\000m\000i\000n\000a\000r\000i\000e\000s}{}% 7
\BOOKMARK [2][-]{subsection.3.1}{\376\377\000M\000a\000x\000i\000m\000u\000m\000\040\000e\000n\000t\000r\000o\000p\000y\000\040\000M\000D\000P}{section.3}% 8
\BOOKMARK [2][-]{subsection.3.2}{\376\377\000R\000o\000b\000u\000s\000t\000\040\000M\000a\000r\000k\000o\000v\000\040\000d\000e\000c\000i\000s\000i\000o\000n\000\040\000p\000r\000o\000c\000e\000s\000s}{section.3}% 9
\BOOKMARK [1][-]{section.4}{\376\377\000M\000e\000t\000h\000o\000d\000o\000l\000o\000g\000y}{}% 10
\BOOKMARK [2][-]{subsection.4.1}{\376\377\000T\000h\000e\000o\000r\000e\000t\000i\000c\000a\000l\000\040\000f\000o\000r\000m\000u\000l\000a\000t\000i\000o\000n\000:\000\040\000R\000o\000b\000u\000s\000t\000n\000e\000s\000s\000\040\000v\000i\000a\000\040\000r\000e\000g\000u\000l\000a\000r\000i\000z\000a\000t\000i\000o\000n}{section.4}% 11
\BOOKMARK [2][-]{subsection.4.2}{\376\377\000D\000i\000s\000e\000n\000t\000a\000n\000g\000l\000i\000n\000g\000\040\000e\000p\000i\000s\000t\000e\000m\000i\000c\000\040\000a\000n\000d\000\040\000a\000l\000e\000a\000t\000o\000r\000i\000c\000\040\000r\000i\000s\000k\000s}{section.4}% 12
\BOOKMARK [2][-]{subsection.4.3}{\376\377\000A\000l\000e\000a\000t\000o\000r\000i\000c\000\040\000r\000i\000s\000k\000\040\000m\000i\000t\000i\000g\000a\000t\000i\000o\000n\000\040\000v\000i\000a\000\040\000I\000P\000M\000\040\000r\000e\000g\000u\000l\000a\000r\000i\000z\000a\000t\000i\000o\000n}{section.4}% 13
\BOOKMARK [2][-]{subsection.4.4}{\376\377\000E\000p\000i\000s\000t\000e\000m\000i\000c\000\040\000r\000i\000s\000k\000\040\000m\000i\000t\000i\000g\000a\000t\000i\000o\000n\000\040\000v\000i\000a\000\040\000Q\000-\000e\000n\000s\000e\000m\000b\000l\000e}{section.4}% 14
\BOOKMARK [2][-]{subsection.4.5}{\376\377\000R\000E\000-\000S\000A\000C\000\040\000a\000l\000g\000o\000r\000i\000t\000h\000m\000\040\000i\000m\000p\000l\000e\000m\000e\000n\000t\000a\000t\000i\000o\000n}{section.4}% 15
\BOOKMARK [3][-]{subsubsection.4.5.1}{\376\377\000C\000r\000i\000t\000i\000c\000\040\000o\000b\000j\000e\000c\000t\000i\000v\000e\000\040\000w\000i\000t\000h\000\040\000d\000i\000s\000e\000n\000t\000a\000n\000g\000l\000e\000d\000\040\000p\000e\000n\000a\000l\000t\000i\000e\000s}{subsection.4.5}% 16
\BOOKMARK [3][-]{subsubsection.4.5.2}{\376\377\000A\000c\000t\000o\000r\000\040\000o\000b\000j\000e\000c\000t\000i\000v\000e\000\040\000a\000n\000d\000\040\000c\000a\000t\000e\000g\000o\000r\000i\000c\000a\000l\000\040\000e\000m\000b\000e\000d\000d\000i\000n\000g\000s}{subsection.4.5}% 17
\BOOKMARK [3][-]{subsubsection.4.5.3}{\376\377\000A\000l\000g\000o\000r\000i\000t\000h\000m\000\040\000p\000s\000e\000u\000d\000o\000c\000o\000d\000e}{subsection.4.5}% 18
\BOOKMARK [1][-]{section.5}{\376\377\000E\000x\000p\000e\000r\000i\000m\000e\000n\000t\000s}{}% 19
\BOOKMARK [2][-]{subsection.5.1}{\376\377\000S\000t\000a\000n\000d\000a\000r\000d\000\040\000c\000o\000n\000t\000i\000n\000u\000o\000u\000s\000\040\000c\000o\000n\000t\000r\000o\000l\000\040\000b\000e\000n\000c\000h\000m\000a\000r\000k\000s}{section.5}% 20
\BOOKMARK [3][-]{subsubsection.5.1.1}{\376\377\000S\000e\000t\000u\000p}{subsection.5.1}% 21
\BOOKMARK [3][-]{subsubsection.5.1.2}{\376\377\000O\000r\000a\000c\000l\000e\000\040\000Q\000-\000e\000r\000r\000o\000r\000\040\000a\000n\000a\000l\000y\000s\000i\000s}{subsection.5.1}% 22
\BOOKMARK [3][-]{subsubsection.5.1.3}{\376\377\000T\000r\000a\000i\000n\000i\000n\000g\000\040\000p\000e\000r\000f\000o\000r\000m\000a\000n\000c\000e}{subsection.5.1}% 23
\BOOKMARK [2][-]{subsection.5.2}{\376\377\000B\000u\000s\000\040\000f\000l\000e\000e\000t\000\040\000c\000o\000n\000t\000r\000o\000l\000\040\000a\000p\000p\000l\000i\000c\000a\000t\000i\000o\000n}{section.5}% 24
\BOOKMARK [3][-]{subsubsection.5.2.1}{\376\377\000S\000i\000m\000u\000l\000a\000t\000i\000o\000n\000\040\000e\000n\000v\000i\000r\000o\000n\000m\000e\000n\000t}{subsection.5.2}% 25
\BOOKMARK [3][-]{subsubsection.5.2.2}{\376\377\000N\000e\000t\000w\000o\000r\000k\000\040\000a\000r\000c\000h\000i\000t\000e\000c\000t\000u\000r\000e\000\040\000a\000n\000d\000\040\000h\000y\000p\000e\000r\000p\000a\000r\000a\000m\000e\000t\000e\000r\000s}{subsection.5.2}% 26
\BOOKMARK [3][-]{subsubsection.5.2.3}{\376\377\000B\000a\000s\000e\000l\000i\000n\000e\000s\000\040\000a\000n\000d\000\040\000a\000b\000l\000a\000t\000i\000o\000n\000s}{subsection.5.2}% 27
\BOOKMARK [3][-]{subsubsection.5.2.4}{\376\377\000O\000v\000e\000r\000a\000l\000l\000\040\000p\000e\000r\000f\000o\000r\000m\000a\000n\000c\000e\000\040\000a\000n\000d\000\040\000l\000e\000a\000r\000n\000i\000n\000g\000\040\000s\000t\000a\000b\000i\000l\000i\000t\000y}{subsection.5.2}% 28
\BOOKMARK [3][-]{subsubsection.5.2.5}{\376\377\000Q\000-\000v\000a\000l\000u\000e\000\040\000e\000s\000t\000i\000m\000a\000t\000i\000o\000n\000\040\000s\000t\000a\000b\000i\000l\000i\000t\000y}{subsection.5.2}% 29
\BOOKMARK [3][-]{subsubsection.5.2.6}{\376\377\000R\000o\000b\000u\000s\000t\000n\000e\000s\000s\000\040\000i\000n\000\040\000r\000a\000r\000e\000\040\000s\000t\000a\000t\000e\000s\000\040\000\050\000M\000a\000h\000a\000l\000a\000n\000o\000b\000i\000s\000\040\000r\000a\000r\000e\000n\000e\000s\000s\000\051}{subsection.5.2}% 30
\BOOKMARK [1][-]{section.6}{\376\377\000C\000o\000n\000c\000l\000u\000s\000i\000o\000n}{}% 31
\BOOKMARK [1][-]{appendix.A}{\376\377\000S\000a\000m\000p\000l\000e\000\040\000c\000o\000m\000p\000l\000e\000x\000i\000t\000y\000\040\000a\000n\000a\000l\000y\000s\000i\000s}{}% 32
\BOOKMARK [2][-]{subsection.A.1}{\376\377\000R\000i\000s\000k\000-\000S\000e\000n\000s\000i\000t\000i\000v\000e\000\040\000R\000L\000:\000\040\000T\000h\000e\000\040\000e\000x\000p\000o\000n\000e\000n\000t\000i\000a\000l\000\040\000b\000a\000r\000r\000i\000e\000r}{appendix.A}% 33
\BOOKMARK [2][-]{subsection.A.2}{\376\377\000R\000E\000-\000S\000A\000C\000:\000\040\000A\000\040\000h\000e\000u\000r\000i\000s\000t\000i\000c\000\040\000a\000r\000g\000u\000m\000e\000n\000t\000\040\000f\000o\000r\000\040\000p\000o\000l\000y\000n\000o\000m\000i\000a\000l\000\040\000s\000c\000a\000l\000i\000n\000g}{appendix.A}% 34
\BOOKMARK [1][-]{appendix.B}{\376\377\000T\000h\000e\000\040\000c\000o\000r\000r\000e\000s\000p\000o\000n\000d\000e\000n\000c\000e\000\040\000c\000h\000a\000i\000n\000:\000\040\000F\000r\000o\000m\000\040\000r\000i\000s\000k\000\040\000t\000o\000\040\000r\000e\000g\000u\000l\000a\000r\000i\000z\000a\000t\000i\000o\000n}{}% 35
\BOOKMARK [2][-]{subsection.B.1}{\376\377\000R\000i\000s\000k\000-\000s\000e\000n\000s\000i\000t\000i\000v\000i\000t\000y\000\040\000-\0003\000m\000u\000\040\000R\000o\000b\000u\000s\000t\000n\000e\000s\000s\000\040\000\050\000O\000s\000o\000g\000a\000m\000i\000\040\000O\000s\000o\000g\000a\000m\000i\0002\0000\0001\0002\000R\000o\000b\000u\000s\000t\000n\000e\000s\000s\000\051}{appendix.B}% 36
\BOOKMARK [2][-]{subsection.B.2}{\376\377\000R\000o\000b\000u\000s\000t\000n\000e\000s\000s\000\040\000-\0003\000m\000u\000\040\000R\000e\000g\000u\000l\000a\000r\000i\000z\000a\000t\000i\000o\000n\000\040\000\050\000X\000u\000\040\000e\000t\000\040\000a\000l\000.\000\040\000X\000u\0002\0000\0000\0009\000R\000o\000b\000u\000s\000t\000S\000V\000M\000\051}{appendix.B}% 37
\BOOKMARK [2][-]{subsection.B.3}{\376\377\000C\000o\000n\000n\000e\000c\000t\000i\000o\000n\000\040\000t\000o\000\040\000d\000i\000s\000t\000r\000i\000b\000u\000t\000i\000o\000n\000a\000l\000\040\000R\000L}{appendix.B}% 38
\BOOKMARK [1][-]{appendix.C}{\376\377\000R\000e\000g\000u\000l\000a\000r\000i\000z\000a\000t\000i\000o\000n\000\040\000a\000s\000\040\000a\000\040\000u\000n\000i\000f\000i\000e\000d\000\040\000s\000e\000m\000i\000-\000B\000a\000y\000e\000s\000i\000a\000n\000\040\000p\000r\000i\000o\000r}{}% 39
\BOOKMARK [2][-]{subsection.C.1}{\376\377\000T\000h\000e\000\040\000i\000n\000t\000r\000a\000c\000t\000a\000b\000i\000l\000i\000t\000y\000\040\000o\000f\000\040\000f\000u\000l\000l\000\040\000B\000a\000y\000e\000s\000i\000a\000n\000\040\000m\000o\000d\000e\000l\000i\000n\000g}{appendix.C}% 40
\BOOKMARK [2][-]{subsection.C.2}{\376\377\000B\000a\000y\000e\000s\000i\000a\000n\000\040\000r\000o\000b\000u\000s\000t\000n\000e\000s\000s\000\040\000v\000i\000a\000\040\000u\000n\000c\000e\000r\000t\000a\000i\000n\000t\000y\000\040\000d\000e\000c\000o\000m\000p\000o\000s\000i\000t\000i\000o\000n}{appendix.C}% 41
\BOOKMARK [2][-]{subsection.C.3}{\376\377\000R\000e\000g\000u\000l\000a\000r\000i\000z\000a\000t\000i\000o\000n\000\040\000a\000s\000\040\000t\000h\000e\000\040\000o\000p\000t\000i\000m\000a\000l\000\040\000B\000a\000y\000e\000s\000i\000a\000n\000\040\000u\000p\000d\000a\000t\000e\000\040\000\050\000G\000e\000i\000s\000t\000\040\000e\000t\000\040\000a\000l\000.\000\040\000G\000e\000i\000s\000t\0002\0000\0001\0009\000T\000h\000e\000o\000r\000y\000R\000e\000g\000u\000l\000a\000r\000i\000z\000e\000d\000\051}{appendix.C}% 42
\BOOKMARK [1][-]{appendix.D}{\376\377\000T\000h\000e\000o\000r\000e\000t\000i\000c\000a\000l\000\040\000c\000o\000m\000p\000a\000r\000i\000s\000o\000n\000:\000\040\000P\000o\000l\000i\000c\000y\000\040\000r\000o\000b\000u\000s\000t\000n\000e\000s\000s\000\040\000v\000s\000.\000\040\000d\000y\000n\000a\000m\000i\000c\000s\000\040\000r\000o\000b\000u\000s\000t\000n\000e\000s\000s}{}% 43
\BOOKMARK [2][-]{subsection.D.1}{\376\377\000T\000h\000e\000o\000r\000e\000t\000i\000c\000a\000l\000\040\000F\000o\000u\000n\000d\000a\000t\000i\000o\000n\000:\000\040\000T\000h\000e\000\040\000K\000a\000n\000t\000o\000r\000o\000v\000i\000c\000h\000-\000R\000u\000b\000i\000n\000s\000t\000e\000i\000n\000\040\000d\000u\000a\000l\000i\000t\000y}{appendix.D}% 44
\BOOKMARK [2][-]{subsection.D.2}{\376\377\000S\000A\000C\000:\000\040\000P\000o\000l\000i\000c\000y\000\040\000r\000o\000b\000u\000s\000t\000n\000e\000s\000s\000\040\000\050\000E\000y\000s\000e\000n\000b\000a\000c\000h\000\040\000\046\000\040\000L\000e\000v\000i\000n\000e\000,\000\040\0002\0000\0002\0001\000\051}{appendix.D}% 45
\BOOKMARK [2][-]{subsection.D.3}{\376\377\000R\000E\000-\000S\000A\000C\000:\000\040\000D\000y\000n\000a\000m\000i\000c\000s\000\040\000R\000o\000b\000u\000s\000t\000n\000e\000s\000s\000\040\000\050\000Z\000h\000o\000u\000\040\000e\000t\000\040\000a\000l\000.\000,\000\040\0002\0000\0002\0003\000\051}{appendix.D}% 46
\BOOKMARK [2][-]{subsection.D.4}{\376\377\000S\000e\000n\000s\000i\000t\000i\000v\000i\000t\000y\000\040\000a\000n\000a\000l\000y\000s\000i\000s\000\040\000c\000o\000n\000c\000l\000u\000s\000i\000o\000n}{appendix.D}% 47
\BOOKMARK [1][-]{appendix.E}{\376\377\000F\000o\000r\000m\000a\000l\000\040\000c\000o\000n\000t\000r\000a\000c\000t\000i\000o\000n\000\040\000p\000r\000o\000o\000f\000\040\000v\000i\000a\000\040\000B\000l\000a\000c\000k\000w\000e\000l\000l\000'\000s\000\040\000s\000u\000f\000f\000i\000c\000i\000e\000n\000c\000y\000\040\000c\000o\000n\000d\000i\000t\000i\000o\000n\000s}{}% 48
\BOOKMARK [2][-]{subsection.E.1}{\376\377\000S\000c\000o\000p\000e\000\040\000a\000n\000d\000\040\000l\000i\000m\000i\000t\000a\000t\000i\000o\000n\000s\000\040\000o\000f\000\040\000t\000h\000e\000\040\000c\000o\000n\000t\000r\000a\000c\000t\000i\000o\000n\000\040\000r\000e\000s\000u\000l\000t}{appendix.E}% 49
\BOOKMARK [2][-]{subsection.E.2}{\376\377\000M\000a\000c\000h\000i\000n\000e\000-\000v\000e\000r\000i\000f\000i\000e\000d\000\040\000f\000u\000n\000c\000t\000i\000o\000n\000-\000a\000p\000p\000r\000o\000x\000i\000m\000a\000t\000i\000o\000n\000\040\000a\000n\000d\000\040\000s\000t\000o\000c\000h\000a\000s\000t\000i\000c\000\040\000b\000o\000u\000n\000d\000s}{appendix.E}% 50
\BOOKMARK [1][-]{appendix.F}{\376\377\000F\000o\000r\000m\000a\000l\000\040\000j\000u\000s\000t\000i\000f\000i\000c\000a\000t\000i\000o\000n\000\040\000o\000f\000\040\000u\000n\000c\000e\000r\000t\000a\000i\000n\000t\000y\000\040\000d\000i\000s\000e\000n\000t\000a\000n\000g\000l\000e\000m\000e\000n\000t}{}% 51
\BOOKMARK [1][-]{appendix.G}{\376\377\000P\000e\000n\000a\000l\000t\000y\000\040\000f\000e\000a\000s\000i\000b\000i\000l\000i\000t\000y\000\040\000a\000n\000d\000\040\000p\000o\000l\000i\000c\000y\000\040\000n\000o\000n\000-\000d\000e\000g\000e\000n\000e\000r\000a\000t\000i\000o\000n}{}% 52
\BOOKMARK [1][-]{appendix.H}{\376\377\000Q\000-\000v\000a\000l\000u\000e\000\040\000p\000o\000i\000s\000o\000n\000i\000n\000g\000\040\000v\000s\000.\000\040\000c\000l\000a\000s\000s\000i\000c\000a\000l\000\040\000e\000s\000t\000i\000m\000a\000t\000i\000o\000n\000\040\000p\000a\000t\000h\000o\000l\000o\000g\000i\000e\000s}{}% 53
